[debug] [2023-03-01T15:02:08.100Z] ----------------------------------------------------------------------
[debug] [2023-03-01T15:02:08.103Z] Command:       C:\Program Files\nodejs\node.exe C:\Users\kanna\AppData\Roaming\npm\node_modules\firebase-tools\lib\bin\firebase.js login
[debug] [2023-03-01T15:02:08.104Z] CLI Version:   11.24.0
[debug] [2023-03-01T15:02:08.105Z] Platform:      win32
[debug] [2023-03-01T15:02:08.106Z] Node Version:  v18.10.0
[debug] [2023-03-01T15:02:08.110Z] Time:          Wed Mar 01 2023 20:32:08 GMT+0530 (India Standard Time)
[debug] [2023-03-01T15:02:08.110Z] ----------------------------------------------------------------------
[debug] 
[debug] [2023-03-01T15:02:08.115Z] >>> [apiv2][query] GET https://firebase-public.firebaseio.com/cli.json [none]
[info] Already logged in as dostmeradeepak@gmail.com
[debug] [2023-03-01T15:02:17.530Z] ----------------------------------------------------------------------
[debug] [2023-03-01T15:02:17.533Z] Command:       C:\Program Files\nodejs\node.exe C:\Users\kanna\AppData\Roaming\npm\node_modules\firebase-tools\lib\bin\firebase.js deploy
[debug] [2023-03-01T15:02:17.534Z] CLI Version:   11.24.0
[debug] [2023-03-01T15:02:17.535Z] Platform:      win32
[debug] [2023-03-01T15:02:17.535Z] Node Version:  v18.10.0
[debug] [2023-03-01T15:02:17.540Z] Time:          Wed Mar 01 2023 20:32:17 GMT+0530 (India Standard Time)
[debug] [2023-03-01T15:02:17.540Z] ----------------------------------------------------------------------
[debug] 
[debug] [2023-03-01T15:02:17.545Z] >>> [apiv2][query] GET https://firebase-public.firebaseio.com/cli.json [none]
[debug] [2023-03-01T15:02:17.725Z] > command requires scopes: ["email","openid","https://www.googleapis.com/auth/cloudplatformprojects.readonly","https://www.googleapis.com/auth/firebase","https://www.googleapis.com/auth/cloud-platform"]
[debug] [2023-03-01T15:02:17.725Z] > authorizing via signed-in user (dostmeradeepak@gmail.com)
[debug] [2023-03-01T15:02:17.726Z] [iam] checking project symposium-388ad for permissions ["firebase.projects.get","firebasehosting.sites.update"]
[debug] [2023-03-01T15:02:17.727Z] > refreshing access token with scopes: []
[debug] [2023-03-01T15:02:17.728Z] >>> [apiv2][query] POST https://www.googleapis.com/oauth2/v3/token [none]
[debug] [2023-03-01T15:02:17.728Z] >>> [apiv2][body] POST https://www.googleapis.com/oauth2/v3/token [omitted]
